TN:
SF:app.js
FN:26,(anonymous_0)
FN:39,(anonymous_1)
FN:40,(anonymous_2)
FN:50,(anonymous_3)
FNF:4
FNH:1
FNDA:4,(anonymous_0)
FNDA:0,(anonymous_1)
FNDA:0,(anonymous_2)
FNDA:0,(anonymous_3)
DA:14,1
DA:16,1
DA:19,1
DA:24,1
DA:26,1
DA:27,4
DA:28,4
DA:31,1
DA:32,1
DA:34,1
DA:35,0
DA:39,0
DA:40,0
DA:42,1
DA:44,1
DA:45,1
DA:46,1
DA:47,1
DA:48,1
DA:50,1
DA:51,0
DA:52,0
DA:54,0
LF:23
LH:17
BRDA:34,0,0,0
BRDA:34,0,1,1
BRDA:51,1,0,0
BRDA:51,1,1,0
BRF:4
BRH:1
end_of_record
TN:
SF:Models/User_model.js
FNF:0
FNH:0
DA:3,1
LF:1
LH:1
BRF:0
BRH:0
end_of_record
TN:
SF:controllers/authController.js
FN:9,(anonymous_0)
FN:64,(anonymous_1)
FN:93,(anonymous_2)
FN:114,(anonymous_3)
FNF:4
FNH:3
FNDA:1,(anonymous_0)
FNDA:1,(anonymous_1)
FNDA:0,(anonymous_2)
FNDA:2,(anonymous_3)
DA:9,1
DA:10,1
DA:11,1
DA:14,1
DA:15,0
DA:19,1
DA:20,1
DA:22,1
DA:23,1
DA:26,1
DA:27,1
DA:30,1
DA:38,1
DA:39,1
DA:40,1
DA:43,1
DA:50,1
DA:57,1
DA:59,0
DA:60,0
DA:64,1
DA:65,1
DA:66,1
DA:68,1
DA:69,1
DA:72,0
DA:73,0
DA:74,0
DA:76,0
DA:83,0
DA:90,0
DA:93,1
DA:94,0
DA:95,0
DA:97,0
DA:98,0
DA:99,0
DA:101,0
DA:108,0
DA:110,0
DA:114,1
DA:115,2
DA:116,2
DA:117,2
LF:44
LH:27
BRDA:14,0,0,0
BRDA:14,0,1,1
BRDA:14,1,0,1
BRDA:14,1,1,1
BRDA:14,1,2,1
BRDA:20,2,0,0
BRDA:20,2,1,1
BRDA:23,3,0,0
BRDA:23,3,1,1
BRDA:34,4,0,1
BRDA:34,4,1,1
BRDA:68,5,0,1
BRDA:68,5,1,0
BRDA:68,6,0,1
BRDA:68,6,1,0
BRDA:95,7,0,0
BRDA:95,7,1,0
BRF:17
BRH:10
end_of_record
TN:
SF:controllers/songController.js
FN:1,getSongs
FN:5,streamSong
FNF:2
FNH:0
FNDA:0,getSongs
FNDA:0,streamSong
DA:2,0
DA:6,0
DA:7,0
LF:3
LH:0
BRF:0
BRH:0
end_of_record
TN:
SF:middlewares/auth.js
FN:6,(anonymous_0)
FNF:1
FNH:0
FNDA:0,(anonymous_0)
DA:4,1
DA:6,1
DA:7,0
DA:9,0
DA:11,0
DA:12,0
DA:13,0
DA:14,0
DA:16,0
LF:9
LH:2
BRDA:9,0,0,0
BRDA:9,0,1,0
BRF:2
BRH:0
end_of_record
TN:
SF:middlewares/autorizar.js
FN:1,(anonymous_0)
FN:2,(anonymous_1)
FNF:2
FNH:0
FNDA:0,(anonymous_0)
FNDA:0,(anonymous_1)
DA:1,1
DA:2,0
DA:3,0
DA:4,0
DA:6,0
LF:5
LH:1
BRDA:3,0,0,0
BRDA:3,0,1,0
BRDA:3,1,0,0
BRDA:3,1,1,0
BRF:4
BRH:0
end_of_record
TN:
SF:routes/Auth_route.js
FNF:0
FNH:0
DA:6,1
DA:8,1
DA:9,1
DA:10,1
DA:11,1
LF:5
LH:5
BRF:0
BRH:0
end_of_record
TN:
SF:routes/playlistRoutes.js
FN:4,(anonymous_0)
FNF:1
FNH:0
FNDA:0,(anonymous_0)
DA:2,1
DA:4,1
DA:5,0
LF:3
LH:2
BRF:0
BRH:0
end_of_record
TN:
SF:routes/songRoutes.js
FN:4,(anonymous_0)
FN:8,(anonymous_1)
FN:12,(anonymous_2)
FNF:3
FNH:0
FNDA:0,(anonymous_0)
FNDA:0,(anonymous_1)
FNDA:0,(anonymous_2)
DA:2,1
DA:4,1
DA:5,0
DA:8,1
DA:9,0
DA:12,1
DA:13,0
LF:7
LH:4
BRF:0
BRH:0
end_of_record
TN:
SF:services/tokenService.js
FN:6,(anonymous_0)
FN:12,(anonymous_1)
FN:18,(anonymous_2)
FN:22,(anonymous_3)
FNF:4
FNH:2
FNDA:1,(anonymous_0)
FNDA:1,(anonymous_1)
FNDA:0,(anonymous_2)
FNDA:0,(anonymous_3)
DA:4,1
DA:6,1
DA:7,1
DA:12,1
DA:13,1
DA:18,1
DA:19,0
DA:22,1
DA:23,0
LF:9
LH:7
BRF:0
BRH:0
end_of_record
